<?xml version="1.0" encoding="UTF-8"?>
<!-- Generated by org.testng.reporters.JUnitReportReporter -->
<testsuite skipped="0" hostname="LAPTOP-U6N7CFLI" name="AltimetrikPackage.loginPageTestCases" tests="1" failures="0" timestamp="21 Sep 2017 19:14:42 GMT" time="45.824" errors="0">
  <testcase name="loginPageTestCases" time="45.824" classname="AltimetrikPackage.loginPageTestCases"/>
</testsuite> <!-- AltimetrikPackage.loginPageTestCases -->
